[22:14:28] [ServerMain/INFO]: Environment: Environment[sessionHost=https://sessionserver.mojang.com, servicesHost=https://api.minecraftservices.com, name=PROD]
[22:14:34] [ServerMain/INFO]: Loaded 1175 recipes
[22:14:34] [ServerMain/INFO]: Loaded 1276 advancements
[22:14:34] [Server thread/INFO]: Starting minecraft server version 1.20.6
[22:14:34] [Server thread/INFO]: Loading properties
[22:14:35] [Server thread/INFO]: This server is running Paper version 1.20.6-130-master@5d8e53d (2024-06-01T14:32:53Z) (Implementing API version 1.20.6-R0.1-SNAPSHOT)
[22:14:36] [Server thread/INFO]: Server Ping Player Sample Count: 12
[22:14:36] [Server thread/INFO]: Using 4 threads for Netty based IO
[22:14:37] [Server thread/WARN]: [!] The timings profiler has been enabled but has been scheduled for removal from Paper in the future.
    We recommend installing the spark profiler as a replacement: https://spark.lucko.me/
    For more information please visit: https://github.com/PaperMC/Paper/issues/8948
[22:14:37] [Server thread/INFO]: [ChunkTaskScheduler] Chunk system is using 1 I/O threads, 1 worker threads, and gen parallelism of 1 threads
[22:14:37] [Server thread/INFO]: Default game type: SURVIVAL
[22:14:37] [Server thread/INFO]: Generating keypair
[22:14:37] [Server thread/INFO]: Starting Minecraft server on *:25565
[22:14:37] [Server thread/INFO]: Using epoll channel type
[22:14:38] [Server thread/INFO]: Paper: Using libdeflate (Linux x86_64) compression from Velocity.
[22:14:38] [Server thread/INFO]: Paper: Using OpenSSL 1.1.x (Linux x86_64) cipher from Velocity.
[22:14:38] [Server thread/INFO]: Server permissions file permissions.yml is empty, ignoring it
[22:14:38] [Server thread/INFO]: Preparing level "world"
[22:14:38] [Server thread/INFO]: Preparing start region for dimension minecraft:overworld
[22:14:41] [Server thread/INFO]: Time elapsed: 2374 ms
[22:14:41] [Server thread/INFO]: Preparing start region for dimension minecraft:the_nether
[22:14:41] [Server thread/INFO]: Time elapsed: 591 ms
[22:14:41] [Server thread/INFO]: Preparing start region for dimension minecraft:the_end
[22:14:42] [Server thread/INFO]: Time elapsed: 319 ms
[22:14:42] [Server thread/INFO]: Running delayed init tasks
[22:14:42] [Server thread/INFO]: Done (7.526s)! For help, type "help"
[22:14:42] [Server thread/INFO]: Timings Reset
[22:16:14] [Server thread/INFO]: Whitelist is already turned off
[22:16:17] [Server thread/INFO]: Whitelist is now turned on
[22:16:23] [Server thread/INFO]: Added JungleShade to the whitelist
[22:16:54] [Server thread/INFO]: CONSOLE: Please note that this command is not supported and may cause issues when using some plugins.
[22:16:54] [Server thread/INFO]: CONSOLE: If you encounter any issues please use the /stop command to restart your server.
[22:16:54] [Server thread/INFO]: Server Ping Player Sample Count: 12
[22:16:54] [Server thread/INFO]: Using 4 threads for Netty based IO
[22:16:54] [Server thread/INFO]: Loaded 1175 recipes
[22:16:55] [Server thread/INFO]: Loaded 1276 advancements
[22:16:55] [Server thread/INFO]: Server permissions file permissions.yml is empty, ignoring it
[22:16:55] [Server thread/INFO]: CONSOLE: Reload complete.
[22:16:55] [Server thread/INFO]: Timings Reset
[22:21:47] [Server thread/INFO]: Stopping the server
[22:21:47] [Server thread/INFO]: Stopping server
[22:21:47] [Server thread/INFO]: Saving players
[22:21:47] [Server thread/INFO]: Saving worlds
[22:21:47] [Server thread/INFO]: Saving chunks for level 'ServerLevel[world]'/minecraft:overworld
[22:21:47] [Server thread/INFO]: [ChunkHolderManager] Waiting 60s for chunk system to halt for world 'world'
[22:21:47] [Server thread/INFO]: [ChunkHolderManager] Halted chunk system for world 'world'
[22:21:47] [Server thread/INFO]: [ChunkHolderManager] Saving all chunkholders for world 'world'
[22:21:48] [Server thread/INFO]: [ChunkHolderManager] Saved 0 block chunks, 5 entity chunks, 0 poi chunks in world 'world' in 0.01s
[22:21:48] [Server thread/INFO]: ThreadedAnvilChunkStorage (world): All chunks are saved
[22:21:48] [Server thread/INFO]: Saving chunks for level 'ServerLevel[world_nether]'/minecraft:the_nether
[22:21:48] [Server thread/INFO]: [ChunkHolderManager] Waiting 60s for chunk system to halt for world 'world_nether'
[22:21:48] [Server thread/INFO]: [ChunkHolderManager] Halted chunk system for world 'world_nether'
[22:21:48] [Server thread/INFO]: [ChunkHolderManager] Saving all chunkholders for world 'world_nether'
[22:21:48] [Server thread/INFO]: [ChunkHolderManager] Saved 0 block chunks, 4 entity chunks, 0 poi chunks in world 'world_nether' in 0.00s
[22:21:48] [Server thread/INFO]: ThreadedAnvilChunkStorage (DIM-1): All chunks are saved
[22:21:48] [Server thread/INFO]: Saving chunks for level 'ServerLevel[world_the_end]'/minecraft:the_end
[22:21:48] [Server thread/INFO]: [ChunkHolderManager] Waiting 60s for chunk system to halt for world 'world_the_end'
[22:21:48] [Server thread/INFO]: [ChunkHolderManager] Halted chunk system for world 'world_the_end'
[22:21:48] [Server thread/INFO]: [ChunkHolderManager] Saving all chunkholders for world 'world_the_end'
[22:21:48] [Server thread/INFO]: [ChunkHolderManager] Saved 0 block chunks, 10 entity chunks, 0 poi chunks in world 'world_the_end' in 0.00s
[22:21:48] [Server thread/INFO]: ThreadedAnvilChunkStorage (DIM1): All chunks are saved
[22:21:48] [Server thread/INFO]: ThreadedAnvilChunkStorage: All dimensions are saved
[22:21:48] [Server thread/INFO]: Flushing Chunk IO
[22:21:48] [Server thread/INFO]: Closing Thread Pool
[22:21:48] [Server thread/INFO]: Closing Server
